<?xml version="1.0" encoding="UTF-8"?>
<testng-results skipped="0" failed="1" total="1" passed="0">
  <reporter-output>
  </reporter-output>
  <suite name="Default suite" duration-ms="15704" started-at="2019-10-15T04:16:42Z" finished-at="2019-10-15T04:16:58Z">
    <groups>
    </groups>
    <test name="Default test" duration-ms="15704" started-at="2019-10-15T04:16:42Z" finished-at="2019-10-15T04:16:58Z">
      <class name="Auto.Phptravels.TestCase">
        <test-method status="FAIL" signature="userRegistration()[pri:0, instance:Auto.Phptravels.TestCase@2aafb23c]" name="userRegistration" duration-ms="15660" started-at="2019-10-15T09:46:42Z" finished-at="2019-10-15T09:46:58Z">
          <exception class="org.openqa.selenium.ElementClickInterceptedException">
            <message>
              <![CDATA[element click intercepted: Element <button aria-label="dismiss cookie message" role="button" tabindex="0" class="cc-btn cc-dismiss" id="cookyGotItBtn">...</button> is not clickable at point (1504, 710). Other element would receive the click: <iframe src="https://secure.livechatinc.com/licence/4618001/v2/open_chat.cgi?license=4618001&amp;group=0&amp;embedded=1&amp;widget_version=3&amp;unique_groups=0" allowtransparency="true" allow="autoplay" id="chat-widget" name="chat-widget" scrolling="no" role="application" aria-label="LiveChat chat widget" style="width: 100%; height: 100%; min-height: 0px; min-width: 0px; margin: 0px; padding: 0px; background-image: none; background-position: 0% 0%; background-size: initial; background-attachment: scroll; background-origin: initial; background-clip: initial; background-color: rgba(0, 0, 0, 0); border-width: 0px; float: none; position: absolute; top: 0px; left: 0px; bottom: 0px; right: 0px; transition: none 0s ease 0s !important;"></iframe>
  (Session info: chrome=77.0.3865.90)
Build info: version: '3.141.59', revision: 'e82be7d358', time: '2018-11-14T08:25:48'
System info: host: 'CBT-MH-000', ip: '192.168.56.1', os.name: 'Windows 8.1', os.arch: 'amd64', os.version: '6.3', java.version: '1.8.0_121'
Driver info: org.openqa.selenium.chrome.ChromeDriver
Capabilities {acceptInsecureCerts: false, browserName: chrome, browserVersion: 77.0.3865.90, chrome: {chromedriverVersion: 76.0.3809.126 (d80a294506b4..., userDataDir: C:\Users\ONLINE~1\AppData\L...}, goog:chromeOptions: {debuggerAddress: localhost:61012}, javascriptEnabled: true, networkConnectionEnabled: false, pageLoadStrategy: normal, platform: XP, platformName: XP, proxy: Proxy(), setWindowRect: true, strictFileInteractability: false, timeouts: {implicit: 0, pageLoad: 300000, script: 30000}, unhandledPromptBehavior: dismiss and notify}
Session ID: a906c7c66bd11eac10ea1b271229963f]]>
            </message>
            <full-stacktrace>
              <![CDATA[org.openqa.selenium.ElementClickInterceptedException: element click intercepted: Element <button aria-label="dismiss cookie message" role="button" tabindex="0" class="cc-btn cc-dismiss" id="cookyGotItBtn">...</button> is not clickable at point (1504, 710). Other element would receive the click: <iframe src="https://secure.livechatinc.com/licence/4618001/v2/open_chat.cgi?license=4618001&amp;group=0&amp;embedded=1&amp;widget_version=3&amp;unique_groups=0" allowtransparency="true" allow="autoplay" id="chat-widget" name="chat-widget" scrolling="no" role="application" aria-label="LiveChat chat widget" style="width: 100%; height: 100%; min-height: 0px; min-width: 0px; margin: 0px; padding: 0px; background-image: none; background-position: 0% 0%; background-size: initial; background-attachment: scroll; background-origin: initial; background-clip: initial; background-color: rgba(0, 0, 0, 0); border-width: 0px; float: none; position: absolute; top: 0px; left: 0px; bottom: 0px; right: 0px; transition: none 0s ease 0s !important;"></iframe>
  (Session info: chrome=77.0.3865.90)
Build info: version: '3.141.59', revision: 'e82be7d358', time: '2018-11-14T08:25:48'
System info: host: 'CBT-MH-000', ip: '192.168.56.1', os.name: 'Windows 8.1', os.arch: 'amd64', os.version: '6.3', java.version: '1.8.0_121'
Driver info: org.openqa.selenium.chrome.ChromeDriver
Capabilities {acceptInsecureCerts: false, browserName: chrome, browserVersion: 77.0.3865.90, chrome: {chromedriverVersion: 76.0.3809.126 (d80a294506b4..., userDataDir: C:\Users\ONLINE~1\AppData\L...}, goog:chromeOptions: {debuggerAddress: localhost:61012}, javascriptEnabled: true, networkConnectionEnabled: false, pageLoadStrategy: normal, platform: XP, platformName: XP, proxy: Proxy(), setWindowRect: true, strictFileInteractability: false, timeouts: {implicit: 0, pageLoad: 300000, script: 30000}, unhandledPromptBehavior: dismiss and notify}
Session ID: a906c7c66bd11eac10ea1b271229963f
	at sun.reflect.NativeConstructorAccessorImpl.newInstance0(Native Method)
	at sun.reflect.NativeConstructorAccessorImpl.newInstance(Unknown Source)
	at sun.reflect.DelegatingConstructorAccessorImpl.newInstance(Unknown Source)
	at java.lang.reflect.Constructor.newInstance(Unknown Source)
	at org.openqa.selenium.remote.http.W3CHttpResponseCodec.createException(W3CHttpResponseCodec.java:187)
	at org.openqa.selenium.remote.http.W3CHttpResponseCodec.decode(W3CHttpResponseCodec.java:122)
	at org.openqa.selenium.remote.http.W3CHttpResponseCodec.decode(W3CHttpResponseCodec.java:49)
	at org.openqa.selenium.remote.HttpCommandExecutor.execute(HttpCommandExecutor.java:158)
	at org.openqa.selenium.remote.service.DriverCommandExecutor.execute(DriverCommandExecutor.java:83)
	at org.openqa.selenium.remote.RemoteWebDriver.execute(RemoteWebDriver.java:552)
	at org.openqa.selenium.remote.RemoteWebElement.execute(RemoteWebElement.java:285)
	at org.openqa.selenium.remote.RemoteWebElement.click(RemoteWebElement.java:84)
	at Auto.Phptravels.RegistrationPage.Rsubmit(RegistrationPage.java:18)
	at Auto.Phptravels.TestCase.userRegistration(TestCase.java:22)
	at sun.reflect.NativeMethodAccessorImpl.invoke0(Native Method)
	at sun.reflect.NativeMethodAccessorImpl.invoke(Unknown Source)
	at sun.reflect.DelegatingMethodAccessorImpl.invoke(Unknown Source)
	at java.lang.reflect.Method.invoke(Unknown Source)
	at org.testng.internal.MethodInvocationHelper.invokeMethod(MethodInvocationHelper.java:86)
	at org.testng.internal.Invoker.invokeMethod(Invoker.java:645)
	at org.testng.internal.Invoker.invokeTestMethod(Invoker.java:822)
	at org.testng.internal.Invoker.invokeTestMethods(Invoker.java:1130)
	at org.testng.internal.TestMethodWorker.invokeTestMethods(TestMethodWorker.java:129)
	at org.testng.internal.TestMethodWorker.run(TestMethodWorker.java:112)
	at org.testng.TestRunner.privateRun(TestRunner.java:782)
	at org.testng.TestRunner.run(TestRunner.java:632)
	at org.testng.SuiteRunner.runTest(SuiteRunner.java:366)
	at org.testng.SuiteRunner.runSequentially(SuiteRunner.java:361)
	at org.testng.SuiteRunner.privateRun(SuiteRunner.java:319)
	at org.testng.SuiteRunner.run(SuiteRunner.java:268)
	at org.testng.SuiteRunnerWorker.runSuite(SuiteRunnerWorker.java:52)
	at org.testng.SuiteRunnerWorker.run(SuiteRunnerWorker.java:86)
	at org.testng.TestNG.runSuitesSequentially(TestNG.java:1244)
	at org.testng.TestNG.runSuitesLocally(TestNG.java:1169)
	at org.testng.TestNG.run(TestNG.java:1064)
	at org.testng.remote.RemoteTestNG.run(RemoteTestNG.java:113)
	at org.testng.remote.RemoteTestNG.initAndRun(RemoteTestNG.java:206)
	at org.testng.remote.RemoteTestNG.main(RemoteTestNG.java:177)
]]>
            </full-stacktrace>
          </exception> <!-- org.openqa.selenium.ElementClickInterceptedException -->
          <reporter-output>
          </reporter-output>
        </test-method> <!-- userRegistration -->
      </class> <!-- Auto.Phptravels.TestCase -->
    </test> <!-- Default test -->
  </suite> <!-- Default suite -->
</testng-results>
